In file included from [01m[K/usr/include/c++/9/cmath:45[m[K,
                 from [01m[K/opt/ros/noetic/include/ros/time.h:55[m[K,
                 from [01m[K/opt/ros/noetic/include/ros/ros.h:38[m[K,
                 from [01m[K/home/pranjal/ws_moveit/src/hello_publisher/scripts/robot.cpp:1[m[K:
[01m[K/home/pranjal/ws_moveit/src/hello_publisher/scripts/robot.cpp:14:14:[m[K [01;31m[Kerror: [m[Kexpected unqualified-id before numeric constant
   14 | const double [01;31m[KM_PI[m[K = 3.14159265358979323846;
      |              [01;31m[K^~~~[m[K
[01m[K/home/pranjal/ws_moveit/src/hello_publisher/scripts/robot.cpp:[m[K In function â€˜[01m[Kvoid gripperOpenCallback(const ConstPtr&)[m[Kâ€™:
[01m[K/home/pranjal/ws_moveit/src/hello_publisher/scripts/robot.cpp:249:17:[m[K [01;31m[Kerror: [m[Kâ€˜[01m[Kgrasps[m[Kâ€™ was not declared in this scope; did you mean â€˜[01m[Kgrasp[m[Kâ€™?
  249 |     openGripper([01;31m[Kgrasps[m[K[0].pre_grasp_posture);
      |                 [01;31m[K^~~~~~[m[K
      |                 [32m[Kgrasp[m[K
[01m[K/home/pranjal/ws_moveit/src/hello_publisher/scripts/robot.cpp:251:5:[m[K [01;31m[Kerror: [m[Kâ€˜[01m[Kgroup_ptr[m[Kâ€™ was not declared in this scope
  251 |     [01;31m[Kgroup_ptr[m[K->setJointValueTarget(grasp.pre_grasp_posture);
      |     [01;31m[K^~~~~~~~~[m[K
[01m[K/home/pranjal/ws_moveit/src/hello_publisher/scripts/robot.cpp:[m[K In function â€˜[01m[Kvoid gripperCloseCallback(const ConstPtr&)[m[Kâ€™:
[01m[K/home/pranjal/ws_moveit/src/hello_publisher/scripts/robot.cpp:259:5:[m[K [01;31m[Kerror: [m[Kâ€˜[01m[Kgroup_ptr[m[Kâ€™ was not declared in this scope
  259 |     [01;31m[Kgroup_ptr[m[K->setJointValueTarget(grasp.pre_grasp_posture);
      |     [01;31m[K^~~~~~~~~[m[K
[01m[K/home/pranjal/ws_moveit/src/hello_publisher/scripts/robot.cpp:[m[K In function â€˜[01m[Kvoid pickCallback(const ConstPtr&)[m[Kâ€™:
[01m[K/home/pranjal/ws_moveit/src/hello_publisher/scripts/robot.cpp:265:11:[m[K [01;31m[Kerror: [m[Kâ€˜[01m[Kgroup_ptr[m[Kâ€™ was not declared in this scope
  265 |     pick(*[01;31m[Kgroup_ptr[m[K);
      |           [01;31m[K^~~~~~~~~[m[K
[01m[K/home/pranjal/ws_moveit/src/hello_publisher/scripts/robot.cpp:[m[K In function â€˜[01m[Kvoid placeCallback(const ConstPtr&)[m[Kâ€™:
[01m[K/home/pranjal/ws_moveit/src/hello_publisher/scripts/robot.cpp:271:12:[m[K [01;31m[Kerror: [m[Kâ€˜[01m[Kgroup_ptr[m[Kâ€™ was not declared in this scope
  271 |     place(*[01;31m[Kgroup_ptr[m[K);
      |            [01;31m[K^~~~~~~~~[m[K
[01m[K/home/pranjal/ws_moveit/src/hello_publisher/scripts/robot.cpp:[m[K In function â€˜[01m[Kint main(int, char**)[m[Kâ€™:
[01m[K/home/pranjal/ws_moveit/src/hello_publisher/scripts/robot.cpp:285:5:[m[K [01;31m[Kerror: [m[Kâ€˜[01m[Kgroup_ptr[m[Kâ€™ was not declared in this scope
  285 |     [01;31m[Kgroup_ptr[m[K = &group;
      |     [01;31m[K^~~~~~~~~[m[K
make[2]: *** [CMakeFiles/hello_publisher.dir/build.make:63: CMakeFiles/hello_publisher.dir/scripts/robot.cpp.o] Error 1
make[1]: *** [CMakeFiles/Makefile2:784: CMakeFiles/hello_publisher.dir/all] Error 2
make: *** [Makefile:141: all] Error 2
