[01m[K/home/pranjal/ws_moveit/src/robotcontrolapp/doc/pick_place/src/continous.cpp:[m[K In function â€˜[01m[Kvoid moveUp()[m[Kâ€™:
[01m[K/home/pranjal/ws_moveit/src/robotcontrolapp/doc/pick_place/src/continous.cpp:60:5:[m[K [01;31m[Kerror: [m[Kâ€˜[01m[KlogTimestamp[m[Kâ€™ was not declared in this scope
   60 |     [01;31m[KlogTimestamp[m[K();
      |     [01;31m[K^~~~~~~~~~~~[m[K
[01m[K/home/pranjal/ws_moveit/src/robotcontrolapp/doc/pick_place/src/continous.cpp:[m[K In function â€˜[01m[Kvoid moveDown()[m[Kâ€™:
[01m[K/home/pranjal/ws_moveit/src/robotcontrolapp/doc/pick_place/src/continous.cpp:66:5:[m[K [01;31m[Kerror: [m[Kâ€˜[01m[KlogTimestamp[m[Kâ€™ was not declared in this scope
   66 |     [01;31m[KlogTimestamp[m[K();
      |     [01;31m[K^~~~~~~~~~~~[m[K
[01m[K/home/pranjal/ws_moveit/src/robotcontrolapp/doc/pick_place/src/continous.cpp:[m[K In function â€˜[01m[Kvoid moveLeft()[m[Kâ€™:
[01m[K/home/pranjal/ws_moveit/src/robotcontrolapp/doc/pick_place/src/continous.cpp:72:5:[m[K [01;31m[Kerror: [m[Kâ€˜[01m[KlogTimestamp[m[Kâ€™ was not declared in this scope
   72 |     [01;31m[KlogTimestamp[m[K();
      |     [01;31m[K^~~~~~~~~~~~[m[K
[01m[K/home/pranjal/ws_moveit/src/robotcontrolapp/doc/pick_place/src/continous.cpp:[m[K In function â€˜[01m[Kvoid moveRight()[m[Kâ€™:
[01m[K/home/pranjal/ws_moveit/src/robotcontrolapp/doc/pick_place/src/continous.cpp:78:5:[m[K [01;31m[Kerror: [m[Kâ€˜[01m[KlogTimestamp[m[Kâ€™ was not declared in this scope
   78 |     [01;31m[KlogTimestamp[m[K();
      |     [01;31m[K^~~~~~~~~~~~[m[K
[01m[K/home/pranjal/ws_moveit/src/robotcontrolapp/doc/pick_place/src/continous.cpp:[m[K In function â€˜[01m[Kvoid moveForward()[m[Kâ€™:
[01m[K/home/pranjal/ws_moveit/src/robotcontrolapp/doc/pick_place/src/continous.cpp:84:5:[m[K [01;31m[Kerror: [m[Kâ€˜[01m[KlogTimestamp[m[Kâ€™ was not declared in this scope
   84 |     [01;31m[KlogTimestamp[m[K();
      |     [01;31m[K^~~~~~~~~~~~[m[K
[01m[K/home/pranjal/ws_moveit/src/robotcontrolapp/doc/pick_place/src/continous.cpp:[m[K In function â€˜[01m[Kvoid moveBackward()[m[Kâ€™:
[01m[K/home/pranjal/ws_moveit/src/robotcontrolapp/doc/pick_place/src/continous.cpp:90:5:[m[K [01;31m[Kerror: [m[Kâ€˜[01m[KlogTimestamp[m[Kâ€™ was not declared in this scope
   90 |     [01;31m[KlogTimestamp[m[K();
      |     [01;31m[K^~~~~~~~~~~~[m[K
[01m[K/home/pranjal/ws_moveit/src/robotcontrolapp/doc/pick_place/src/continous.cpp:[m[K In function â€˜[01m[Kvoid stopRobot()[m[Kâ€™:
[01m[K/home/pranjal/ws_moveit/src/robotcontrolapp/doc/pick_place/src/continous.cpp:102:5:[m[K [01;31m[Kerror: [m[Kâ€˜[01m[KlogTimestamp[m[Kâ€™ was not declared in this scope
  102 |     [01;31m[KlogTimestamp[m[K();
      |     [01;31m[K^~~~~~~~~~~~[m[K
[01m[K/home/pranjal/ws_moveit/src/robotcontrolapp/doc/pick_place/src/continous.cpp:[m[K In function â€˜[01m[Kvoid resetRobot()[m[Kâ€™:
[01m[K/home/pranjal/ws_moveit/src/robotcontrolapp/doc/pick_place/src/continous.cpp:109:5:[m[K [01;31m[Kerror: [m[Kâ€˜[01m[KlogTimestamp[m[Kâ€™ was not declared in this scope
  109 |     [01;31m[KlogTimestamp[m[K();
      |     [01;31m[K^~~~~~~~~~~~[m[K
make[2]: *** [doc/pick_place/CMakeFiles/continous.dir/build.make:63: doc/pick_place/CMakeFiles/continous.dir/src/continous.cpp.o] Error 1
make[1]: *** [CMakeFiles/Makefile2:4365: doc/pick_place/CMakeFiles/continous.dir/all] Error 2
make: *** [Makefile:141: all] Error 2
