[01m[K/home/pranjal/ws_moveit/src/moveit_tutorials/doc/pick_place/src/continous.cpp:[m[K In function â€˜[01m[Kint main(int, char**)[m[Kâ€™:
[01m[K/home/pranjal/ws_moveit/src/moveit_tutorials/doc/pick_place/src/continous.cpp:161:19:[m[K [01;31m[Kerror: [m[Kâ€˜[01m[KINITIAL_POSE_FETCH_DELAY[m[Kâ€™ was not declared in this scope; did you mean â€˜[01m[KINTIAL_POSE_FETCH_DELAY[m[Kâ€™?
  161 |     ros::Duration([01;31m[KINITIAL_POSE_FETCH_DELAY[m[K).sleep();
      |                   [01;31m[K^~~~~~~~~~~~~~~~~~~~~~~~[m[K
      |                   [32m[KINTIAL_POSE_FETCH_DELAY[m[K
make[2]: *** [doc/pick_place/CMakeFiles/continous.dir/build.make:63: doc/pick_place/CMakeFiles/continous.dir/src/continous.cpp.o] Error 1
make[1]: *** [CMakeFiles/Makefile2:4365: doc/pick_place/CMakeFiles/continous.dir/all] Error 2
make: *** [Makefile:141: all] Error 2
