[01m[K/home/pranjal/ws_moveit/src/moveit_tutorials/doc/pick_place/src/continous.cpp:19:1:[m[K [01;31m[Kerror: [m[Kâ€˜[01m[KINTIAL_POSE[m[Kâ€™ does not name a type; did you mean â€˜[01m[KINITIAL_POSE[m[Kâ€™?
   19 | [01;31m[KINTIAL_POSE[m[K = group_ptr->getCurrentPose().pose
      | [01;31m[K^~~~~~~~~~~[m[K
      | [32m[KINITIAL_POSE[m[K
[01m[K/home/pranjal/ws_moveit/src/moveit_tutorials/doc/pick_place/src/continous.cpp:[m[K In function â€˜[01m[Kvoid setRobotSpeed(const string&)[m[Kâ€™:
[01m[K/home/pranjal/ws_moveit/src/moveit_tutorials/doc/pick_place/src/continous.cpp:36:9:[m[K [01;31m[Kerror: [m[Kâ€˜[01m[Kgroup_ptr[m[Kâ€™ was not declared in this scope
   36 |         [01;31m[Kgroup_ptr[m[K->setMaxVelocityScalingFactor(0.1);
      |         [01;31m[K^~~~~~~~~[m[K
[01m[K/home/pranjal/ws_moveit/src/moveit_tutorials/doc/pick_place/src/continous.cpp:38:9:[m[K [01;31m[Kerror: [m[Kâ€˜[01m[Kgroup_ptr[m[Kâ€™ was not declared in this scope
   38 |         [01;31m[Kgroup_ptr[m[K->setMaxVelocityScalingFactor(0.05);
      |         [01;31m[K^~~~~~~~~[m[K
[01m[K/home/pranjal/ws_moveit/src/moveit_tutorials/doc/pick_place/src/continous.cpp:40:9:[m[K [01;31m[Kerror: [m[Kâ€˜[01m[Kgroup_ptr[m[Kâ€™ was not declared in this scope
   40 |         [01;31m[Kgroup_ptr[m[K->setMaxVelocityScalingFactor(0.01);
      |         [01;31m[K^~~~~~~~~[m[K
[01m[K/home/pranjal/ws_moveit/src/moveit_tutorials/doc/pick_place/src/continous.cpp:[m[K In function â€˜[01m[Kvoid stopRobot()[m[Kâ€™:
[01m[K/home/pranjal/ws_moveit/src/moveit_tutorials/doc/pick_place/src/continous.cpp:78:5:[m[K [01;31m[Kerror: [m[Kâ€˜[01m[Kgroup_ptr[m[Kâ€™ was not declared in this scope
   78 |     [01;31m[Kgroup_ptr[m[K->stop();
      |     [01;31m[K^~~~~~~~~[m[K
[01m[K/home/pranjal/ws_moveit/src/moveit_tutorials/doc/pick_place/src/continous.cpp:[m[K In function â€˜[01m[Kvoid resetRobot()[m[Kâ€™:
[01m[K/home/pranjal/ws_moveit/src/moveit_tutorials/doc/pick_place/src/continous.cpp:89:5:[m[K [01;31m[Kerror: [m[Kâ€˜[01m[Kgroup_ptr[m[Kâ€™ was not declared in this scope
   89 |     [01;31m[Kgroup_ptr[m[K->setPoseTarget(INITIAL_POSE);
      |     [01;31m[K^~~~~~~~~[m[K
[01m[K/home/pranjal/ws_moveit/src/moveit_tutorials/doc/pick_place/src/continous.cpp:[m[K In function â€˜[01m[Kvoid continuousMovement()[m[Kâ€™:
[01m[K/home/pranjal/ws_moveit/src/moveit_tutorials/doc/pick_place/src/continous.cpp:124:43:[m[K [01;31m[Kerror: [m[Kâ€˜[01m[Kgroup_ptr[m[Kâ€™ was not declared in this scope
  124 |         geometry_msgs::Pose target_pose = [01;31m[Kgroup_ptr[m[K->getCurrentPose().pose;
      |                                           [01;31m[K^~~~~~~~~[m[K
[01m[K/home/pranjal/ws_moveit/src/moveit_tutorials/doc/pick_place/src/continous.cpp:[m[K In function â€˜[01m[Kint main(int, char**)[m[Kâ€™:
[01m[K/home/pranjal/ws_moveit/src/moveit_tutorials/doc/pick_place/src/continous.cpp:152:5:[m[K [01;31m[Kerror: [m[Kâ€˜[01m[Kgroup_ptr[m[Kâ€™ was not declared in this scope
  152 |     [01;31m[Kgroup_ptr[m[K = &group;
      |     [01;31m[K^~~~~~~~~[m[K
make[2]: *** [doc/pick_place/CMakeFiles/continous.dir/build.make:63: doc/pick_place/CMakeFiles/continous.dir/src/continous.cpp.o] Error 1
make[1]: *** [CMakeFiles/Makefile2:4365: doc/pick_place/CMakeFiles/continous.dir/all] Error 2
make: *** [Makefile:141: all] Error 2
